<?xml version="1.0" encoding="UTF-8"?>
<coverage generated="1771846339727" clover="3.2.0">
  <project timestamp="1771846339727" name="All files">
    <metrics statements="63" coveredstatements="63" conditionals="39" coveredconditionals="36" methods="16" coveredmethods="16" elements="118" coveredelements="115" complexity="0" loc="63" ncloc="63" packages="1" files="1" classes="1"/>
    <file name="bank.js" path="C:\Users\ranji\FinalBankAppProject\src\bank.js">
      <metrics statements="63" coveredstatements="63" conditionals="39" coveredconditionals="36" methods="16" coveredmethods="16"/>
      <line num="3" count="77" type="stmt"/>
      <line num="11" count="3" type="stmt"/>
      <line num="18" count="94" type="stmt"/>
      <line num="19" count="94" type="stmt"/>
      <line num="20" count="29" type="stmt"/>
      <line num="21" count="94" type="stmt"/>
      <line num="25" count="140" type="stmt"/>
      <line num="29" count="54" type="cond" truecount="5" falsecount="0"/>
      <line num="30" count="25" type="stmt"/>
      <line num="37" count="102" type="cond" truecount="4" falsecount="0"/>
      <line num="38" count="4" type="stmt"/>
      <line num="41" count="98" type="cond" truecount="2" falsecount="0"/>
      <line num="46" count="4" type="stmt"/>
      <line num="49" count="94" type="stmt"/>
      <line num="50" count="94" type="stmt"/>
      <line num="52" count="94" type="stmt"/>
      <line num="60" count="94" type="stmt"/>
      <line num="68" count="94" type="stmt"/>
      <line num="69" count="94" type="stmt"/>
      <line num="75" count="27" type="stmt"/>
      <line num="76" count="27" type="cond" truecount="2" falsecount="0"/>
      <line num="78" count="26" type="stmt"/>
      <line num="80" count="9" type="stmt"/>
      <line num="82" count="9" type="stmt"/>
      <line num="90" count="9" type="stmt"/>
      <line num="96" count="18" type="stmt"/>
      <line num="97" count="18" type="cond" truecount="2" falsecount="0"/>
      <line num="99" count="17" type="stmt"/>
      <line num="101" count="12" type="cond" truecount="2" falsecount="0"/>
      <line num="102" count="3" type="stmt"/>
      <line num="105" count="9" type="stmt"/>
      <line num="107" count="9" type="stmt"/>
      <line num="115" count="9" type="stmt"/>
      <line num="121" count="15" type="cond" truecount="2" falsecount="0"/>
      <line num="122" count="2" type="stmt"/>
      <line num="125" count="13" type="stmt"/>
      <line num="126" count="13" type="cond" truecount="1" falsecount="1"/>
      <line num="128" count="13" type="stmt"/>
      <line num="129" count="13" type="cond" truecount="2" falsecount="0"/>
      <line num="131" count="11" type="stmt"/>
      <line num="133" count="8" type="cond" truecount="2" falsecount="0"/>
      <line num="134" count="2" type="stmt"/>
      <line num="137" count="6" type="stmt"/>
      <line num="139" count="6" type="stmt"/>
      <line num="140" count="6" type="stmt"/>
      <line num="148" count="6" type="stmt"/>
      <line num="149" count="6" type="stmt"/>
      <line num="157" count="6" type="stmt"/>
      <line num="163" count="17" type="stmt"/>
      <line num="164" count="17" type="cond" truecount="2" falsecount="0"/>
      <line num="165" count="16" type="stmt"/>
      <line num="171" count="7" type="stmt"/>
      <line num="172" count="7" type="cond" truecount="2" falsecount="0"/>
      <line num="173" count="6" type="stmt"/>
      <line num="179" count="16" type="stmt"/>
      <line num="180" count="8" type="cond" truecount="2" falsecount="0"/>
      <line num="182" count="7" type="stmt"/>
      <line num="183" count="7" type="cond" truecount="2" falsecount="0"/>
      <line num="184" count="4" type="stmt"/>
      <line num="190" count="3" type="stmt"/>
      <line num="191" count="3" type="stmt"/>
      <line num="197" count="3" type="stmt"/>
      <line num="201" count="1" type="stmt"/>
    </file>
  </project>
</coverage>
