{"C:\\Users\\ranji\\FinalBankAppProject\\src\\bank.js": {"path":"C:\\Users\\ranji\\FinalBankAppProject\\src\\bank.js","statementMap":{"0":{"start":{"line":3,"column":8},"end":{"line":7,"column":10}},"1":{"start":{"line":11,"column":8},"end":{"line":11,"column":34}},"2":{"start":{"line":16,"column":8},"end":{"line":18,"column":64}},"3":{"start":{"line":17,"column":12},"end":{"line":17,"column":66}},"4":{"start":{"line":18,"column":48},"end":{"line":18,"column":61}},"5":{"start":{"line":19,"column":8},"end":{"line":19,"column":18}},"6":{"start":{"line":23,"column":8},"end":{"line":23,"column":61}},"7":{"start":{"line":23,"column":46},"end":{"line":23,"column":59}},"8":{"start":{"line":27,"column":8},"end":{"line":29,"column":9}},"9":{"start":{"line":28,"column":12},"end":{"line":28,"column":63}},"10":{"start":{"line":31,"column":8},"end":{"line":33,"column":9}},"11":{"start":{"line":32,"column":12},"end":{"line":32,"column":73}},"12":{"start":{"line":35,"column":19},"end":{"line":35,"column":43}},"13":{"start":{"line":36,"column":20},"end":{"line":36,"column":44}},"14":{"start":{"line":38,"column":24},"end":{"line":44,"column":9}},"15":{"start":{"line":46,"column":8},"end":{"line":51,"column":11}},"16":{"start":{"line":53,"column":8},"end":{"line":53,"column":41}},"17":{"start":{"line":54,"column":8},"end":{"line":54,"column":23}},"18":{"start":{"line":58,"column":24},"end":{"line":58,"column":44}},"19":{"start":{"line":59,"column":8},"end":{"line":59,"column":59}},"20":{"start":{"line":59,"column":22},"end":{"line":59,"column":59}},"21":{"start":{"line":61,"column":8},"end":{"line":62,"column":69}},"22":{"start":{"line":62,"column":12},"end":{"line":62,"column":69}},"23":{"start":{"line":64,"column":8},"end":{"line":64,"column":34}},"24":{"start":{"line":66,"column":8},"end":{"line":71,"column":11}},"25":{"start":{"line":73,"column":8},"end":{"line":73,"column":31}},"26":{"start":{"line":77,"column":24},"end":{"line":77,"column":44}},"27":{"start":{"line":78,"column":8},"end":{"line":78,"column":59}},"28":{"start":{"line":78,"column":22},"end":{"line":78,"column":59}},"29":{"start":{"line":80,"column":8},"end":{"line":81,"column":72}},"30":{"start":{"line":81,"column":12},"end":{"line":81,"column":72}},"31":{"start":{"line":83,"column":8},"end":{"line":84,"column":50}},"32":{"start":{"line":84,"column":12},"end":{"line":84,"column":50}},"33":{"start":{"line":86,"column":8},"end":{"line":86,"column":34}},"34":{"start":{"line":88,"column":8},"end":{"line":93,"column":11}},"35":{"start":{"line":95,"column":8},"end":{"line":95,"column":31}},"36":{"start":{"line":99,"column":24},"end":{"line":99,"column":44}},"37":{"start":{"line":100,"column":8},"end":{"line":100,"column":59}},"38":{"start":{"line":100,"column":22},"end":{"line":100,"column":59}},"39":{"start":{"line":101,"column":8},"end":{"line":101,"column":31}},"40":{"start":{"line":105,"column":0},"end":{"line":105,"column":22}}},"fnMap":{"0":{"name":"(anonymous_0)","decl":{"start":{"line":2,"column":4},"end":{"line":2,"column":5}},"loc":{"start":{"line":2,"column":34},"end":{"line":8,"column":5}},"line":2},"1":{"name":"(anonymous_1)","decl":{"start":{"line":10,"column":4},"end":{"line":10,"column":5}},"loc":{"start":{"line":10,"column":19},"end":{"line":12,"column":5}},"line":10},"2":{"name":"(anonymous_2)","decl":{"start":{"line":14,"column":4},"end":{"line":14,"column":5}},"loc":{"start":{"line":14,"column":24},"end":{"line":20,"column":5}},"line":14},"3":{"name":"(anonymous_3)","decl":{"start":{"line":18,"column":41},"end":{"line":18,"column":42}},"loc":{"start":{"line":18,"column":48},"end":{"line":18,"column":61}},"line":18},"4":{"name":"(anonymous_4)","decl":{"start":{"line":22,"column":4},"end":{"line":22,"column":5}},"loc":{"start":{"line":22,"column":20},"end":{"line":24,"column":5}},"line":22},"5":{"name":"(anonymous_5)","decl":{"start":{"line":23,"column":39},"end":{"line":23,"column":40}},"loc":{"start":{"line":23,"column":46},"end":{"line":23,"column":59}},"line":23},"6":{"name":"(anonymous_6)","decl":{"start":{"line":26,"column":4},"end":{"line":26,"column":5}},"loc":{"start":{"line":26,"column":46},"end":{"line":55,"column":5}},"line":26},"7":{"name":"(anonymous_7)","decl":{"start":{"line":57,"column":4},"end":{"line":57,"column":5}},"loc":{"start":{"line":57,"column":24},"end":{"line":74,"column":5}},"line":57},"8":{"name":"(anonymous_8)","decl":{"start":{"line":76,"column":4},"end":{"line":76,"column":5}},"loc":{"start":{"line":76,"column":25},"end":{"line":96,"column":5}},"line":76},"9":{"name":"(anonymous_9)","decl":{"start":{"line":98,"column":4},"end":{"line":98,"column":5}},"loc":{"start":{"line":98,"column":19},"end":{"line":102,"column":5}},"line":98}},"branchMap":{"0":{"loc":{"start":{"line":2,"column":16},"end":{"line":2,"column":32}},"type":"default-arg","locations":[{"start":{"line":2,"column":30},"end":{"line":2,"column":32}}],"line":2},"1":{"loc":{"start":{"line":4,"column":22},"end":{"line":6,"column":20}},"type":"cond-expr","locations":[{"start":{"line":5,"column":18},"end":{"line":5,"column":43}},{"start":{"line":6,"column":18},"end":{"line":6,"column":20}}],"line":4},"2":{"loc":{"start":{"line":27,"column":8},"end":{"line":29,"column":9}},"type":"if","locations":[{"start":{"line":27,"column":8},"end":{"line":29,"column":9}},{"start":{},"end":{}}],"line":27},"3":{"loc":{"start":{"line":27,"column":12},"end":{"line":27,"column":51}},"type":"binary-expr","locations":[{"start":{"line":27,"column":12},"end":{"line":27,"column":23}},{"start":{"line":27,"column":27},"end":{"line":27,"column":51}}],"line":27},"4":{"loc":{"start":{"line":31,"column":8},"end":{"line":33,"column":9}},"type":"if","locations":[{"start":{"line":31,"column":8},"end":{"line":33,"column":9}},{"start":{},"end":{}}],"line":31},"5":{"loc":{"start":{"line":31,"column":12},"end":{"line":31,"column":104}},"type":"binary-expr","locations":[{"start":{"line":31,"column":12},"end":{"line":31,"column":46}},{"start":{"line":31,"column":50},"end":{"line":31,"column":82}},{"start":{"line":31,"column":86},"end":{"line":31,"column":104}}],"line":31},"6":{"loc":{"start":{"line":59,"column":8},"end":{"line":59,"column":59}},"type":"if","locations":[{"start":{"line":59,"column":8},"end":{"line":59,"column":59}},{"start":{},"end":{}}],"line":59},"7":{"loc":{"start":{"line":61,"column":8},"end":{"line":62,"column":69}},"type":"if","locations":[{"start":{"line":61,"column":8},"end":{"line":62,"column":69}},{"start":{},"end":{}}],"line":61},"8":{"loc":{"start":{"line":61,"column":12},"end":{"line":61,"column":81}},"type":"binary-expr","locations":[{"start":{"line":61,"column":12},"end":{"line":61,"column":38}},{"start":{"line":61,"column":42},"end":{"line":61,"column":66}},{"start":{"line":61,"column":70},"end":{"line":61,"column":81}}],"line":61},"9":{"loc":{"start":{"line":78,"column":8},"end":{"line":78,"column":59}},"type":"if","locations":[{"start":{"line":78,"column":8},"end":{"line":78,"column":59}},{"start":{},"end":{}}],"line":78},"10":{"loc":{"start":{"line":80,"column":8},"end":{"line":81,"column":72}},"type":"if","locations":[{"start":{"line":80,"column":8},"end":{"line":81,"column":72}},{"start":{},"end":{}}],"line":80},"11":{"loc":{"start":{"line":80,"column":12},"end":{"line":80,"column":81}},"type":"binary-expr","locations":[{"start":{"line":80,"column":12},"end":{"line":80,"column":38}},{"start":{"line":80,"column":42},"end":{"line":80,"column":66}},{"start":{"line":80,"column":70},"end":{"line":80,"column":81}}],"line":80},"12":{"loc":{"start":{"line":83,"column":8},"end":{"line":84,"column":50}},"type":"if","locations":[{"start":{"line":83,"column":8},"end":{"line":84,"column":50}},{"start":{},"end":{}}],"line":83},"13":{"loc":{"start":{"line":100,"column":8},"end":{"line":100,"column":59}},"type":"if","locations":[{"start":{"line":100,"column":8},"end":{"line":100,"column":59}},{"start":{},"end":{}}],"line":100}},"s":{"0":16,"1":0,"2":12,"3":12,"4":1,"5":12,"6":12,"7":9,"8":14,"9":1,"10":13,"11":1,"12":12,"13":12,"14":12,"15":12,"16":12,"17":12,"18":5,"19":5,"20":1,"21":4,"22":2,"23":2,"24":2,"25":2,"26":5,"27":5,"28":1,"29":4,"30":2,"31":2,"32":1,"33":1,"34":1,"35":1,"36":2,"37":2,"38":1,"39":1,"40":1},"f":{"0":16,"1":0,"2":12,"3":1,"4":12,"5":9,"6":14,"7":5,"8":5,"9":2},"b":{"0":[0],"1":[16,0],"2":[1,13],"3":[14,13],"4":[1,12],"5":[13,13,13],"6":[1,4],"7":[2,2],"8":[4,4,4],"9":[1,4],"10":[2,2],"11":[4,4,4],"12":[1,1],"13":[1,1]},"_coverageSchema":"1a1c01bbd47fc00a2c39e90264f33305004495a9","hash":"02060c533c15248e47c55b42d2a83ab504fa5871"}
}
