{"C:\\Users\\ranji\\FinalBankAppProject\\src\\bank.js": {"path":"C:\\Users\\ranji\\FinalBankAppProject\\src\\bank.js","statementMap":{"0":{"start":{"line":3,"column":8},"end":{"line":7,"column":10}},"1":{"start":{"line":11,"column":8},"end":{"line":11,"column":34}},"2":{"start":{"line":18,"column":8},"end":{"line":20,"column":64}},"3":{"start":{"line":19,"column":12},"end":{"line":19,"column":66}},"4":{"start":{"line":20,"column":48},"end":{"line":20,"column":61}},"5":{"start":{"line":21,"column":8},"end":{"line":21,"column":18}},"6":{"start":{"line":25,"column":8},"end":{"line":25,"column":61}},"7":{"start":{"line":25,"column":46},"end":{"line":25,"column":59}},"8":{"start":{"line":29,"column":8},"end":{"line":31,"column":9}},"9":{"start":{"line":30,"column":12},"end":{"line":30,"column":77}},"10":{"start":{"line":37,"column":8},"end":{"line":39,"column":9}},"11":{"start":{"line":38,"column":12},"end":{"line":38,"column":63}},"12":{"start":{"line":41,"column":8},"end":{"line":47,"column":9}},"13":{"start":{"line":46,"column":12},"end":{"line":46,"column":73}},"14":{"start":{"line":49,"column":19},"end":{"line":49,"column":43}},"15":{"start":{"line":50,"column":20},"end":{"line":50,"column":44}},"16":{"start":{"line":52,"column":24},"end":{"line":58,"column":9}},"17":{"start":{"line":60,"column":8},"end":{"line":66,"column":11}},"18":{"start":{"line":68,"column":8},"end":{"line":68,"column":41}},"19":{"start":{"line":69,"column":8},"end":{"line":69,"column":23}},"20":{"start":{"line":75,"column":24},"end":{"line":75,"column":44}},"21":{"start":{"line":76,"column":8},"end":{"line":76,"column":59}},"22":{"start":{"line":76,"column":22},"end":{"line":76,"column":59}},"23":{"start":{"line":78,"column":8},"end":{"line":78,"column":36}},"24":{"start":{"line":80,"column":8},"end":{"line":80,"column":34}},"25":{"start":{"line":82,"column":8},"end":{"line":88,"column":11}},"26":{"start":{"line":90,"column":8},"end":{"line":90,"column":31}},"27":{"start":{"line":96,"column":24},"end":{"line":96,"column":44}},"28":{"start":{"line":97,"column":8},"end":{"line":97,"column":59}},"29":{"start":{"line":97,"column":22},"end":{"line":97,"column":59}},"30":{"start":{"line":99,"column":8},"end":{"line":99,"column":36}},"31":{"start":{"line":101,"column":8},"end":{"line":103,"column":9}},"32":{"start":{"line":102,"column":12},"end":{"line":102,"column":50}},"33":{"start":{"line":105,"column":8},"end":{"line":105,"column":34}},"34":{"start":{"line":107,"column":8},"end":{"line":113,"column":11}},"35":{"start":{"line":115,"column":8},"end":{"line":115,"column":31}},"36":{"start":{"line":121,"column":8},"end":{"line":123,"column":9}},"37":{"start":{"line":122,"column":12},"end":{"line":122,"column":67}},"38":{"start":{"line":125,"column":28},"end":{"line":125,"column":52}},"39":{"start":{"line":126,"column":8},"end":{"line":126,"column":70}},"40":{"start":{"line":126,"column":26},"end":{"line":126,"column":70}},"41":{"start":{"line":128,"column":26},"end":{"line":128,"column":48}},"42":{"start":{"line":129,"column":8},"end":{"line":129,"column":73}},"43":{"start":{"line":129,"column":24},"end":{"line":129,"column":73}},"44":{"start":{"line":131,"column":8},"end":{"line":131,"column":36}},"45":{"start":{"line":133,"column":8},"end":{"line":135,"column":9}},"46":{"start":{"line":134,"column":12},"end":{"line":134,"column":50}},"47":{"start":{"line":137,"column":26},"end":{"line":137,"column":50}},"48":{"start":{"line":139,"column":8},"end":{"line":139,"column":38}},"49":{"start":{"line":140,"column":8},"end":{"line":146,"column":11}},"50":{"start":{"line":148,"column":8},"end":{"line":148,"column":36}},"51":{"start":{"line":149,"column":8},"end":{"line":155,"column":11}},"52":{"start":{"line":157,"column":8},"end":{"line":157,"column":82}},"53":{"start":{"line":163,"column":24},"end":{"line":163,"column":44}},"54":{"start":{"line":164,"column":8},"end":{"line":164,"column":59}},"55":{"start":{"line":164,"column":22},"end":{"line":164,"column":59}},"56":{"start":{"line":165,"column":8},"end":{"line":165,"column":31}},"57":{"start":{"line":171,"column":24},"end":{"line":171,"column":44}},"58":{"start":{"line":172,"column":8},"end":{"line":172,"column":59}},"59":{"start":{"line":172,"column":22},"end":{"line":172,"column":59}},"60":{"start":{"line":173,"column":8},"end":{"line":173,"column":36}},"61":{"start":{"line":179,"column":22},"end":{"line":179,"column":72}},"62":{"start":{"line":179,"column":58},"end":{"line":179,"column":71}},"63":{"start":{"line":180,"column":8},"end":{"line":180,"column":63}},"64":{"start":{"line":180,"column":26},"end":{"line":180,"column":63}},"65":{"start":{"line":182,"column":24},"end":{"line":182,"column":49}},"66":{"start":{"line":183,"column":8},"end":{"line":188,"column":9}},"67":{"start":{"line":184,"column":12},"end":{"line":187,"column":14}},"68":{"start":{"line":190,"column":8},"end":{"line":190,"column":44}},"69":{"start":{"line":191,"column":8},"end":{"line":191,"column":20}},"70":{"start":{"line":197,"column":8},"end":{"line":197,"column":34}},"71":{"start":{"line":201,"column":0},"end":{"line":201,"column":22}}},"fnMap":{"0":{"name":"(anonymous_0)","decl":{"start":{"line":2,"column":4},"end":{"line":2,"column":5}},"loc":{"start":{"line":2,"column":34},"end":{"line":8,"column":5}},"line":2},"1":{"name":"(anonymous_1)","decl":{"start":{"line":10,"column":4},"end":{"line":10,"column":5}},"loc":{"start":{"line":10,"column":19},"end":{"line":12,"column":5}},"line":10},"2":{"name":"(anonymous_2)","decl":{"start":{"line":16,"column":4},"end":{"line":16,"column":5}},"loc":{"start":{"line":16,"column":24},"end":{"line":22,"column":5}},"line":16},"3":{"name":"(anonymous_3)","decl":{"start":{"line":20,"column":41},"end":{"line":20,"column":42}},"loc":{"start":{"line":20,"column":48},"end":{"line":20,"column":61}},"line":20},"4":{"name":"(anonymous_4)","decl":{"start":{"line":24,"column":4},"end":{"line":24,"column":5}},"loc":{"start":{"line":24,"column":20},"end":{"line":26,"column":5}},"line":24},"5":{"name":"(anonymous_5)","decl":{"start":{"line":25,"column":39},"end":{"line":25,"column":40}},"loc":{"start":{"line":25,"column":46},"end":{"line":25,"column":59}},"line":25},"6":{"name":"(anonymous_6)","decl":{"start":{"line":28,"column":4},"end":{"line":28,"column":5}},"loc":{"start":{"line":28,"column":27},"end":{"line":32,"column":5}},"line":28},"7":{"name":"(anonymous_7)","decl":{"start":{"line":36,"column":4},"end":{"line":36,"column":5}},"loc":{"start":{"line":36,"column":46},"end":{"line":70,"column":5}},"line":36},"8":{"name":"(anonymous_8)","decl":{"start":{"line":74,"column":4},"end":{"line":74,"column":5}},"loc":{"start":{"line":74,"column":24},"end":{"line":91,"column":5}},"line":74},"9":{"name":"(anonymous_9)","decl":{"start":{"line":95,"column":4},"end":{"line":95,"column":5}},"loc":{"start":{"line":95,"column":25},"end":{"line":116,"column":5}},"line":95},"10":{"name":"(anonymous_10)","decl":{"start":{"line":120,"column":4},"end":{"line":120,"column":5}},"loc":{"start":{"line":120,"column":35},"end":{"line":158,"column":5}},"line":120},"11":{"name":"(anonymous_11)","decl":{"start":{"line":162,"column":4},"end":{"line":162,"column":5}},"loc":{"start":{"line":162,"column":19},"end":{"line":166,"column":5}},"line":162},"12":{"name":"(anonymous_12)","decl":{"start":{"line":170,"column":4},"end":{"line":170,"column":5}},"loc":{"start":{"line":170,"column":30},"end":{"line":174,"column":5}},"line":170},"13":{"name":"(anonymous_13)","decl":{"start":{"line":178,"column":4},"end":{"line":178,"column":5}},"loc":{"start":{"line":178,"column":22},"end":{"line":192,"column":5}},"line":178},"14":{"name":"(anonymous_14)","decl":{"start":{"line":179,"column":51},"end":{"line":179,"column":52}},"loc":{"start":{"line":179,"column":58},"end":{"line":179,"column":71}},"line":179},"15":{"name":"(anonymous_15)","decl":{"start":{"line":196,"column":4},"end":{"line":196,"column":5}},"loc":{"start":{"line":196,"column":19},"end":{"line":198,"column":5}},"line":196}},"branchMap":{"0":{"loc":{"start":{"line":2,"column":16},"end":{"line":2,"column":32}},"type":"default-arg","locations":[{"start":{"line":2,"column":30},"end":{"line":2,"column":32}}],"line":2},"1":{"loc":{"start":{"line":4,"column":22},"end":{"line":6,"column":20}},"type":"cond-expr","locations":[{"start":{"line":5,"column":18},"end":{"line":5,"column":43}},{"start":{"line":6,"column":18},"end":{"line":6,"column":20}}],"line":4},"2":{"loc":{"start":{"line":29,"column":8},"end":{"line":31,"column":9}},"type":"if","locations":[{"start":{"line":29,"column":8},"end":{"line":31,"column":9}},{"start":{},"end":{}}],"line":29},"3":{"loc":{"start":{"line":29,"column":12},"end":{"line":29,"column":81}},"type":"binary-expr","locations":[{"start":{"line":29,"column":12},"end":{"line":29,"column":38}},{"start":{"line":29,"column":42},"end":{"line":29,"column":66}},{"start":{"line":29,"column":70},"end":{"line":29,"column":81}}],"line":29},"4":{"loc":{"start":{"line":37,"column":8},"end":{"line":39,"column":9}},"type":"if","locations":[{"start":{"line":37,"column":8},"end":{"line":39,"column":9}},{"start":{},"end":{}}],"line":37},"5":{"loc":{"start":{"line":37,"column":12},"end":{"line":37,"column":51}},"type":"binary-expr","locations":[{"start":{"line":37,"column":12},"end":{"line":37,"column":23}},{"start":{"line":37,"column":27},"end":{"line":37,"column":51}}],"line":37},"6":{"loc":{"start":{"line":41,"column":8},"end":{"line":47,"column":9}},"type":"if","locations":[{"start":{"line":41,"column":8},"end":{"line":47,"column":9}},{"start":{},"end":{}}],"line":41},"7":{"loc":{"start":{"line":42,"column":12},"end":{"line":44,"column":30}},"type":"binary-expr","locations":[{"start":{"line":42,"column":12},"end":{"line":42,"column":46}},{"start":{"line":43,"column":12},"end":{"line":43,"column":44}},{"start":{"line":44,"column":12},"end":{"line":44,"column":30}}],"line":42},"8":{"loc":{"start":{"line":76,"column":8},"end":{"line":76,"column":59}},"type":"if","locations":[{"start":{"line":76,"column":8},"end":{"line":76,"column":59}},{"start":{},"end":{}}],"line":76},"9":{"loc":{"start":{"line":97,"column":8},"end":{"line":97,"column":59}},"type":"if","locations":[{"start":{"line":97,"column":8},"end":{"line":97,"column":59}},{"start":{},"end":{}}],"line":97},"10":{"loc":{"start":{"line":101,"column":8},"end":{"line":103,"column":9}},"type":"if","locations":[{"start":{"line":101,"column":8},"end":{"line":103,"column":9}},{"start":{},"end":{}}],"line":101},"11":{"loc":{"start":{"line":121,"column":8},"end":{"line":123,"column":9}},"type":"if","locations":[{"start":{"line":121,"column":8},"end":{"line":123,"column":9}},{"start":{},"end":{}}],"line":121},"12":{"loc":{"start":{"line":126,"column":8},"end":{"line":126,"column":70}},"type":"if","locations":[{"start":{"line":126,"column":8},"end":{"line":126,"column":70}},{"start":{},"end":{}}],"line":126},"13":{"loc":{"start":{"line":129,"column":8},"end":{"line":129,"column":73}},"type":"if","locations":[{"start":{"line":129,"column":8},"end":{"line":129,"column":73}},{"start":{},"end":{}}],"line":129},"14":{"loc":{"start":{"line":133,"column":8},"end":{"line":135,"column":9}},"type":"if","locations":[{"start":{"line":133,"column":8},"end":{"line":135,"column":9}},{"start":{},"end":{}}],"line":133},"15":{"loc":{"start":{"line":164,"column":8},"end":{"line":164,"column":59}},"type":"if","locations":[{"start":{"line":164,"column":8},"end":{"line":164,"column":59}},{"start":{},"end":{}}],"line":164},"16":{"loc":{"start":{"line":172,"column":8},"end":{"line":172,"column":59}},"type":"if","locations":[{"start":{"line":172,"column":8},"end":{"line":172,"column":59}},{"start":{},"end":{}}],"line":172},"17":{"loc":{"start":{"line":180,"column":8},"end":{"line":180,"column":63}},"type":"if","locations":[{"start":{"line":180,"column":8},"end":{"line":180,"column":63}},{"start":{},"end":{}}],"line":180},"18":{"loc":{"start":{"line":183,"column":8},"end":{"line":188,"column":9}},"type":"if","locations":[{"start":{"line":183,"column":8},"end":{"line":188,"column":9}},{"start":{},"end":{}}],"line":183}},"s":{"0":77,"1":3,"2":94,"3":94,"4":29,"5":94,"6":104,"7":140,"8":54,"9":25,"10":102,"11":4,"12":98,"13":4,"14":94,"15":94,"16":94,"17":94,"18":94,"19":94,"20":27,"21":27,"22":1,"23":26,"24":9,"25":9,"26":9,"27":18,"28":18,"29":1,"30":17,"31":12,"32":3,"33":9,"34":9,"35":9,"36":15,"37":2,"38":13,"39":13,"40":0,"41":13,"42":13,"43":2,"44":11,"45":8,"46":2,"47":6,"48":6,"49":6,"50":6,"51":6,"52":6,"53":17,"54":17,"55":1,"56":16,"57":7,"58":7,"59":1,"60":6,"61":8,"62":16,"63":8,"64":1,"65":7,"66":7,"67":4,"68":3,"69":3,"70":3,"71":1},"f":{"0":77,"1":3,"2":94,"3":29,"4":104,"5":140,"6":54,"7":102,"8":27,"9":18,"10":15,"11":17,"12":7,"13":8,"14":16,"15":3},"b":{"0":[0],"1":[77,0],"2":[25,29],"3":[54,50,41],"4":[4,98],"5":[102,100],"6":[4,94],"7":[98,98,96],"8":[1,26],"9":[1,17],"10":[3,9],"11":[2,13],"12":[0,13],"13":[2,11],"14":[2,6],"15":[1,16],"16":[1,6],"17":[1,7],"18":[4,3]},"_coverageSchema":"1a1c01bbd47fc00a2c39e90264f33305004495a9","hash":"1cc9e3fbccc84a68557ff5dbdb199f39585f0f38"}
}
