TN:
SF:src\bank.js
FN:2,(anonymous_0)
FN:10,(anonymous_1)
FN:14,(anonymous_2)
FN:18,(anonymous_3)
FN:22,(anonymous_4)
FN:23,(anonymous_5)
FN:26,(anonymous_6)
FN:57,(anonymous_7)
FN:76,(anonymous_8)
FN:98,(anonymous_9)
FNF:10
FNH:9
FNDA:16,(anonymous_0)
FNDA:0,(anonymous_1)
FNDA:12,(anonymous_2)
FNDA:1,(anonymous_3)
FNDA:12,(anonymous_4)
FNDA:9,(anonymous_5)
FNDA:14,(anonymous_6)
FNDA:5,(anonymous_7)
FNDA:5,(anonymous_8)
FNDA:2,(anonymous_9)
DA:3,16
DA:11,0
DA:16,12
DA:17,12
DA:18,1
DA:19,12
DA:23,12
DA:27,14
DA:28,1
DA:31,13
DA:32,1
DA:35,12
DA:36,12
DA:38,12
DA:46,12
DA:53,12
DA:54,12
DA:58,5
DA:59,5
DA:61,4
DA:62,2
DA:64,2
DA:66,2
DA:73,2
DA:77,5
DA:78,5
DA:80,4
DA:81,2
DA:83,2
DA:84,1
DA:86,1
DA:88,1
DA:95,1
DA:99,2
DA:100,2
DA:101,1
DA:105,1
LF:37
LH:36
BRDA:2,0,0,0
BRDA:4,1,0,16
BRDA:4,1,1,0
BRDA:27,2,0,1
BRDA:27,2,1,13
BRDA:27,3,0,14
BRDA:27,3,1,13
BRDA:31,4,0,1
BRDA:31,4,1,12
BRDA:31,5,0,13
BRDA:31,5,1,13
BRDA:31,5,2,13
BRDA:59,6,0,1
BRDA:59,6,1,4
BRDA:61,7,0,2
BRDA:61,7,1,2
BRDA:61,8,0,4
BRDA:61,8,1,4
BRDA:61,8,2,4
BRDA:78,9,0,1
BRDA:78,9,1,4
BRDA:80,10,0,2
BRDA:80,10,1,2
BRDA:80,11,0,4
BRDA:80,11,1,4
BRDA:80,11,2,4
BRDA:83,12,0,1
BRDA:83,12,1,1
BRDA:100,13,0,1
BRDA:100,13,1,1
BRF:30
BRH:28
end_of_record
