TN:
SF:src\bank.js
FN:2,(anonymous_0)
FN:10,(anonymous_1)
FN:16,(anonymous_2)
FN:20,(anonymous_3)
FN:24,(anonymous_4)
FN:25,(anonymous_5)
FN:28,(anonymous_6)
FN:36,(anonymous_7)
FN:74,(anonymous_8)
FN:95,(anonymous_9)
FN:120,(anonymous_10)
FN:162,(anonymous_11)
FN:170,(anonymous_12)
FN:178,(anonymous_13)
FN:179,(anonymous_14)
FN:196,(anonymous_15)
FNF:16
FNH:16
FNDA:77,(anonymous_0)
FNDA:3,(anonymous_1)
FNDA:94,(anonymous_2)
FNDA:29,(anonymous_3)
FNDA:104,(anonymous_4)
FNDA:140,(anonymous_5)
FNDA:54,(anonymous_6)
FNDA:102,(anonymous_7)
FNDA:27,(anonymous_8)
FNDA:18,(anonymous_9)
FNDA:15,(anonymous_10)
FNDA:17,(anonymous_11)
FNDA:7,(anonymous_12)
FNDA:8,(anonymous_13)
FNDA:16,(anonymous_14)
FNDA:3,(anonymous_15)
DA:3,77
DA:11,3
DA:18,94
DA:19,94
DA:20,29
DA:21,94
DA:25,140
DA:29,54
DA:30,25
DA:37,102
DA:38,4
DA:41,98
DA:46,4
DA:49,94
DA:50,94
DA:52,94
DA:60,94
DA:68,94
DA:69,94
DA:75,27
DA:76,27
DA:78,26
DA:80,9
DA:82,9
DA:90,9
DA:96,18
DA:97,18
DA:99,17
DA:101,12
DA:102,3
DA:105,9
DA:107,9
DA:115,9
DA:121,15
DA:122,2
DA:125,13
DA:126,13
DA:128,13
DA:129,13
DA:131,11
DA:133,8
DA:134,2
DA:137,6
DA:139,6
DA:140,6
DA:148,6
DA:149,6
DA:157,6
DA:163,17
DA:164,17
DA:165,16
DA:171,7
DA:172,7
DA:173,6
DA:179,16
DA:180,8
DA:182,7
DA:183,7
DA:184,4
DA:190,3
DA:191,3
DA:197,3
DA:201,1
LF:63
LH:63
BRDA:2,0,0,0
BRDA:4,1,0,77
BRDA:4,1,1,0
BRDA:29,2,0,25
BRDA:29,2,1,29
BRDA:29,3,0,54
BRDA:29,3,1,50
BRDA:29,3,2,41
BRDA:37,4,0,4
BRDA:37,4,1,98
BRDA:37,5,0,102
BRDA:37,5,1,100
BRDA:41,6,0,4
BRDA:41,6,1,94
BRDA:42,7,0,98
BRDA:42,7,1,98
BRDA:42,7,2,96
BRDA:76,8,0,1
BRDA:76,8,1,26
BRDA:97,9,0,1
BRDA:97,9,1,17
BRDA:101,10,0,3
BRDA:101,10,1,9
BRDA:121,11,0,2
BRDA:121,11,1,13
BRDA:126,12,0,0
BRDA:126,12,1,13
BRDA:129,13,0,2
BRDA:129,13,1,11
BRDA:133,14,0,2
BRDA:133,14,1,6
BRDA:164,15,0,1
BRDA:164,15,1,16
BRDA:172,16,0,1
BRDA:172,16,1,6
BRDA:180,17,0,1
BRDA:180,17,1,7
BRDA:183,18,0,4
BRDA:183,18,1,3
BRF:39
BRH:36
end_of_record
